<?xml version="1.0" encoding="UTF-8"?>
<!-- Generated by org.testng.reporters.JUnitXMLReporter -->
<testsuite ignored="3" hostname="DESKTOP-A2L4RGV" failures="1" tests="1" name="Browser1" time="0.052" errors="0" timestamp="2022-12-21T12:19:27 IST">
  <testcase classname="jenkinsPractice.practice" name="jenTest4" time="0.0">
    <failure type="org.testng.TestNGException" message="
Parameter &amp;apos;url&amp;apos; is required by @Test on method jenTest4 but has not been marked @Optional or defined
in D:\New Begin\2021\exe data\jenkinsProject\testng.xml">
      <![CDATA[org.testng.TestNGException: 
Parameter 'url' is required by @Test on method jenTest4 but has not been marked @Optional or defined
in D:\New Begin\2021\exe data\jenkinsProject\testng.xml
at java.base/java.util.ArrayList.forEach(ArrayList.java:1511)
... Removed 26 stack frames]]>
    </failure>
  </testcase> <!-- jenTest4 -->
  <testcase classname="jenkinsPractice.practice" name="jenTest3" time="0.0">
    <ignored/>
  </testcase> <!-- jenTest3 -->
  <testcase classname="jenkinsPractice.practice" name="jenTest2" time="0.0">
    <ignored/>
  </testcase> <!-- jenTest2 -->
  <testcase classname="jenkinsPractice.practice" name="jenTest1" time="0.0">
    <ignored/>
  </testcase> <!-- jenTest1 -->
</testsuite> <!-- Browser1 -->
